SF:lib/main.dart
DA:8,0
DA:9,0
DA:10,0
DA:12,0
DA:14,0
DA:19,2
DA:21,1
DA:23,1
DA:24,1
DA:25,1
DA:36,2
DA:37,1
DA:48,1
DA:50,1
DA:52,2
DA:54,0
DA:55,0
DA:56,0
DA:57,0
DA:58,0
DA:59,0
DA:62,2
DA:66,1
DA:68,1
DA:69,1
DA:70,1
DA:72,1
DA:75,2
DA:84,0
DA:85,0
DA:86,0
DA:88,0
DA:90,0
DA:94,0
LF:34
LH:17
BRDA:8,0,0,0
BRDA:19,0,0,1
BRDA:21,0,0,1
BRDA:48,0,0,1
BRDA:50,0,0,1
BRDA:59,0,0,0
BRDA:66,0,0,1
BRDA:69,0,0,1
BRDA:84,0,0,0
BRDA:90,0,0,0
end_of_record
SF:lib/model/favorite_point.dart
DA:9,1
DA:11,0
DA:12,0
DA:13,0
DA:14,0
DA:15,0
DA:16,0
DA:17,0
LF:8
LH:1
BRDA:9,0,0,1
BRDA:11,0,0,0
end_of_record
SF:lib/pages/add_favorite_page.dart
DA:11,3
DA:18,1
DA:20,1
DA:21,1
DA:31,1
DA:33,1
DA:34,4
DA:37,1
DA:39,1
DA:41,1
DA:42,1
DA:43,1
DA:45,0
DA:46,0
DA:53,1
DA:54,1
DA:55,8
DA:57,1
DA:58,1
DA:59,1
DA:60,1
DA:61,3
DA:63,1
DA:65,1
DA:67,0
DA:68,0
DA:69,0
DA:74,2
DA:76,2
DA:79,1
DA:81,1
DA:84,1
DA:91,0
DA:92,0
DA:93,0
DA:94,0
DA:95,0
DA:98,0
DA:100,0
DA:103,0
DA:104,0
DA:105,0
DA:106,0
DA:107,0
DA:108,0
DA:118,1
DA:119,1
DA:121,1
DA:122,1
DA:123,1
DA:124,2
DA:132,1
LF:52
LH:34
BRDA:11,0,0,2
BRDA:18,0,0,0
BRDA:20,0,0,1
BRDA:31,0,0,1
BRDA:37,0,0,1
BRDA:45,0,0,0
BRDA:61,0,0,1
BRDA:67,0,0,0
BRDA:68,0,0,0
BRDA:91,0,0,0
BRDA:106,0,0,0
BRDA:108,0,0,0
BRDA:118,0,0,1
end_of_record
SF:lib/pages/edit_favorite_page.dart
DA:15,1
DA:17,1
DA:18,1
DA:28,1
DA:30,1
DA:31,4
DA:32,5
DA:33,5
DA:36,1
DA:38,1
DA:40,1
DA:41,1
DA:42,1
DA:44,0
DA:45,0
DA:49,1
DA:50,1
DA:51,1
DA:52,4
DA:54,0
DA:55,0
DA:56,0
DA:57,0
DA:58,0
DA:59,0
DA:66,1
DA:67,1
DA:68,8
DA:70,1
DA:71,1
DA:72,1
DA:73,1
DA:74,3
DA:76,1
DA:78,1
DA:80,0
DA:81,0
DA:82,0
DA:87,2
DA:89,2
DA:92,1
DA:94,1
DA:97,1
DA:104,0
DA:105,0
DA:106,0
DA:107,0
DA:108,0
DA:111,0
DA:112,0
DA:113,0
DA:114,0
DA:115,0
DA:116,0
DA:126,1
DA:127,1
DA:129,1
DA:130,1
DA:131,1
DA:132,2
DA:140,1
LF:61
LH:39
BRDA:15,0,0,1
BRDA:17,0,0,1
BRDA:28,0,0,1
BRDA:36,0,0,1
BRDA:44,0,0,0
BRDA:54,0,0,0
BRDA:57,0,0,0
BRDA:59,0,0,0
BRDA:74,0,0,1
BRDA:80,0,0,0
BRDA:81,0,0,0
BRDA:104,0,0,0
BRDA:114,0,0,0
BRDA:116,0,0,0
BRDA:126,0,0,1
end_of_record
SF:lib/pages/favorite_list_page.dart
DA:12,1
DA:15,0
DA:16,0
DA:30,0
DA:32,0
DA:33,0
DA:36,0
DA:37,0
DA:38,0
DA:39,0
DA:40,0
DA:42,0
DA:44,0
DA:45,0
DA:50,0
DA:52,0
DA:54,0
DA:59,0
DA:60,0
DA:61,0
DA:62,0
DA:64,0
DA:65,0
DA:70,0
DA:71,0
DA:72,0
DA:73,0
DA:77,0
DA:78,0
DA:81,0
DA:82,0
DA:85,0
DA:86,0
DA:87,0
DA:89,0
DA:90,0
DA:91,0
DA:92,0
DA:93,0
DA:94,0
DA:97,0
DA:98,0
DA:99,0
DA:102,0
DA:104,0
DA:106,0
DA:107,0
DA:108,0
DA:115,0
DA:116,0
DA:117,0
DA:119,0
DA:120,0
DA:121,0
DA:122,0
DA:131,0
DA:132,0
DA:133,0
DA:134,0
DA:135,0
DA:136,0
DA:137,0
DA:138,0
DA:139,0
DA:140,0
DA:152,0
DA:153,0
DA:154,0
DA:155,0
DA:156,0
DA:157,0
DA:158,0
DA:159,0
DA:160,0
DA:161,0
DA:164,0
DA:165,0
DA:166,0
DA:168,0
DA:170,0
DA:171,0
DA:172,0
DA:173,0
DA:174,0
DA:176,0
LF:85
LH:1
BRDA:12,0,0,0
BRDA:15,0,0,0
BRDA:30,0,0,0
BRDA:36,0,0,0
BRDA:39,0,0,0
BRDA:44,0,0,0
BRDA:50,0,0,0
BRDA:64,0,0,0
BRDA:65,0,0,0
BRDA:81,0,0,0
BRDA:97,0,0,0
BRDA:104,0,0,0
BRDA:108,0,0,0
BRDA:121,0,0,0
BRDA:134,0,0,0
BRDA:139,0,0,0
BRDA:140,0,0,0
BRDA:152,0,0,0
BRDA:153,0,0,0
BRDA:160,0,0,0
BRDA:166,0,0,0
BRDA:172,0,0,0
BRDA:174,0,0,0
end_of_record
SF:lib/pages/map_page.dart
DA:16,2
DA:19,1
DA:20,1
DA:35,1
DA:37,1
DA:38,1
DA:39,2
DA:40,0
DA:43,0
DA:44,0
DA:45,0
DA:46,0
DA:48,0
DA:49,0
DA:50,0
DA:51,0
DA:52,0
DA:53,0
DA:54,0
DA:65,1
DA:66,2
DA:67,0
DA:68,0
DA:69,0
DA:74,0
DA:75,0
DA:76,0
DA:77,0
DA:82,0
DA:85,0
DA:86,0
DA:87,0
DA:88,0
DA:89,0
DA:90,0
DA:92,0
DA:95,0
DA:97,0
DA:102,0
DA:104,0
DA:105,0
DA:106,0
DA:108,0
DA:109,0
DA:112,0
DA:113,0
DA:118,1
DA:119,1
DA:120,0
DA:121,0
DA:125,0
DA:126,0
DA:127,0
DA:128,0
DA:129,0
DA:130,0
DA:132,0
DA:133,0
DA:135,0
DA:138,0
DA:143,1
DA:145,1
DA:146,1
DA:150,1
DA:152,1
DA:154,0
DA:155,0
DA:156,0
DA:160,0
DA:161,0
DA:164,0
DA:166,0
DA:167,0
DA:170,0
DA:174,0
DA:180,0
DA:181,0
DA:182,0
DA:185,0
DA:187,0
DA:194,0
DA:195,0
DA:196,0
DA:197,0
DA:199,0
DA:200,0
DA:202,0
DA:203,0
DA:205,0
DA:207,0
DA:208,0
LF:91
LH:16
BRDA:16,0,0,0
BRDA:19,0,0,1
BRDA:35,0,0,1
BRDA:39,0,0,0
BRDA:51,0,0,0
BRDA:65,0,0,1
BRDA:85,0,0,0
BRDA:95,0,0,0
BRDA:102,0,0,0
BRDA:118,0,0,1
BRDA:125,0,0,0
BRDA:138,0,0,0
BRDA:143,0,0,1
BRDA:166,0,0,0
BRDA:180,0,0,0
BRDA:185,0,0,0
BRDA:194,0,0,0
BRDA:208,0,0,0
end_of_record
SF:lib/pages/set_distance_page.dart
DA:8,1
DA:11,1
DA:12,1
DA:20,1
DA:22,1
DA:24,1
DA:25,1
DA:26,1
DA:28,1
DA:29,1
DA:36,1
DA:37,1
DA:38,1
DA:40,1
DA:41,1
DA:42,1
DA:43,2
DA:44,1
DA:55,1
DA:56,1
DA:58,1
DA:61,1
DA:68,0
DA:70,0
DA:71,0
DA:72,0
DA:74,0
LF:27
LH:22
BRDA:8,0,0,1
BRDA:11,0,0,1
BRDA:20,0,0,1
BRDA:28,0,0,1
BRDA:68,0,0,0
end_of_record
SF:lib/pages/home_page.dart
DA:9,2
DA:10,1
DA:11,1
DA:24,0
DA:25,0
DA:26,0
DA:30,1
DA:32,1
DA:33,2
DA:36,1
DA:38,1
DA:39,3
DA:40,1
DA:42,1
DA:43,1
LF:15
LH:12
BRDA:9,0,0,1
BRDA:10,0,0,1
BRDA:24,0,0,0
BRDA:25,0,0,0
BRDA:30,0,0,1
BRDA:36,0,0,1
end_of_record
SF:lib/utils/hive_ext.dart
DA:10,1
DA:12,3
DA:14,2
DA:17,1
DA:18,2
DA:19,3
DA:22,0
DA:23,0
DA:24,0
DA:25,0
DA:29,0
DA:30,0
DA:31,0
DA:32,0
DA:35,0
DA:36,0
DA:40,0
DA:41,0
DA:42,0
DA:43,0
DA:44,0
DA:51,0
DA:52,0
DA:53,0
DA:54,0
DA:55,0
DA:56,0
DA:61,0
DA:62,0
DA:63,0
DA:64,0
DA:68,0
DA:69,0
DA:70,0
DA:71,0
DA:74,0
DA:75,0
DA:78,0
DA:79,0
LF:39
LH:6
BRDA:10,0,0,1
BRDA:17,0,0,1
BRDA:22,0,0,0
BRDA:29,0,0,0
BRDA:35,0,0,0
BRDA:40,0,0,0
BRDA:51,0,0,0
BRDA:68,0,0,0
BRDA:74,0,0,0
BRDA:78,0,0,0
end_of_record
SF:lib/service/location_service.dart
DA:14,1
DA:16,1
DA:19,1
DA:22,1
DA:25,1
DA:28,0
DA:29,0
DA:30,0
DA:31,0
DA:43,0
DA:47,0
DA:49,0
DA:55,0
DA:56,0
DA:57,0
DA:58,0
DA:65,0
DA:66,0
DA:67,0
DA:68,0
DA:70,0
DA:73,0
DA:74,0
DA:75,0
DA:81,0
DA:84,0
DA:85,0
DA:86,0
DA:87,0
LF:29
LH:5
BRDA:14,0,0,1
BRDA:16,0,0,1
BRDA:28,0,0,0
BRDA:43,0,0,0
BRDA:65,0,0,0
BRDA:81,0,0,0
end_of_record
SF:lib/adapter/favorite_point_adapter.dart
DA:8,1
DA:11,0
DA:13,0
DA:14,0
DA:15,0
DA:16,0
DA:17,0
DA:18,0
DA:22,0
DA:24,0
DA:25,0
DA:26,0
DA:27,0
DA:28,0
LF:14
LH:1
BRDA:8,0,0,1
BRDA:11,0,0,0
BRDA:22,0,0,0
end_of_record
